<?xml version="1.0" encoding="UTF-8"?>
<testsuite name="com.sample.bean.EmployeeBeanTest" tests="1" skipped="0" failures="0" errors="0" timestamp="2020-03-03T05:37:39" hostname="opstree-ThinkPad-E460" time="0.024">
  <properties/>
  <testcase name="testGetterSetter" classname="com.sample.bean.EmployeeBeanTest" time="0.024"/>
  <system-out><![CDATA[]]></system-out>
  <system-err><![CDATA[]]></system-err>
</testsuite>
