<?xml version="1.0" encoding="UTF-8"?>
<testsuite name="com.sample.service.EmployeeServiceImplTest" tests="2" skipped="0" failures="0" errors="0" timestamp="2020-03-03T05:37:39" hostname="opstree-ThinkPad-E460" time="0.017">
  <properties/>
  <testcase name="testEmployeeNotAvailable" classname="com.sample.service.EmployeeServiceImplTest" time="0.016"/>
  <testcase name="testEmployeeAvailable" classname="com.sample.service.EmployeeServiceImplTest" time="0.0"/>
  <system-out><![CDATA[]]></system-out>
  <system-err><![CDATA[]]></system-err>
</testsuite>
